<?xml version="1.0" encoding="UTF-8"?>
<testsuite name="GameByAge" tests="1" skipped="0" failures="0" errors="0" timestamp="2022-03-08T02:30:23" hostname="Gowthamis-MacBook-Pro.local" time="0.011">
  <properties/>
  <testcase name="SortStudents" classname="GameByAge" time="0.011"/>
  <system-out><![CDATA[output [18, 20]
output [21, 21, 23]
]]></system-out>
  <system-err><![CDATA[]]></system-err>
</testsuite>
